<?xml version="1.0" encoding="UTF-8"?>
<testsuite xmlns:xsi="http://www.w3.org/2001/XMLSchema-instance" xsi:noNamespaceSchemaLocation="https://maven.apache.org/surefire/maven-surefire-plugin/xsd/surefire-test-report-3.0.xsd" version="3.0" name="com.example.persona.contracts.OutputValidatorTest" time="1.305" tests="5" errors="0" skipped="0" failures="0">
  <properties>
[...]
</properties>
  <testcase name="shouldExtractJsonFromMarkdownFence" classname="com.example.persona.contracts.OutputValidatorTest" time="1.122"/>
  <testcase name="shouldFailNonJsonResponse" classname="com.example.persona.contracts.OutputValidatorTest" time="0.024">
    <system-out><![CDATA[16:19:20.757 [main] WARN com.example.persona.contracts.OutputValidator -- Could not parse LLM response as JSON: Unrecognized token 'This': was expecting (JSON String, Number, Array, Object or token 'null', 'true' or 'false')
 at [Source: REDACTED (`StreamReadFeature.INCLUDE_SOURCE_IN_LOCATION` disabled); line: 1, column: 5]
]]></system-out>
  </testcase>
  <testcase name="shouldPassValidJson" classname="com.example.persona.contracts.OutputValidatorTest" time="0.053"/>
  <testcase name="shouldFailMissingRequiredFields" classname="com.example.persona.contracts.OutputValidatorTest" time="0.055">
    <system-out><![CDATA[16:19:20.877 [main] WARN com.example.persona.contracts.OutputValidator -- Output contract validation FAILED for JavaDocOutput: [$: required property 'complexity' not found, $: required property 'methods' not found, $: required property 'summary' not found]
]]></system-out>
  </testcase>
  <testcase name="shouldFailNullOrBlankResponse" classname="com.example.persona.contracts.OutputValidatorTest" time="0.001"/>
</testsuite>